[debug] [2018-05-21T18:35:35.571Z] ----------------------------------------------------------------------
[debug] [2018-05-21T18:35:35.573Z] Command:       /Users/Stu/.nvm/versions/node/v6.2.2/bin/node /Users/Stu/.nvm/versions/node/v6.2.2/bin/firebase deploy
[debug] [2018-05-21T18:35:35.574Z] CLI Version:   3.18.4
[debug] [2018-05-21T18:35:35.574Z] Platform:      darwin
[debug] [2018-05-21T18:35:35.574Z] Node Version:  v6.2.2
[debug] [2018-05-21T18:35:35.576Z] Time:          Mon May 21 2018 11:35:35 GMT-0700 (PDT)
[debug] [2018-05-21T18:35:35.576Z] ----------------------------------------------------------------------
[debug] 
[debug] [2018-05-21T18:35:35.590Z] > command requires scopes: ["email","openid","https://www.googleapis.com/auth/cloudplatformprojects.readonly","https://www.googleapis.com/auth/firebase","https://www.googleapis.com/auth/cloud-platform"]
[debug] [2018-05-21T18:35:35.590Z] > authorizing via signed-in user
[debug] [2018-05-21T18:35:35.593Z] >>> HTTP REQUEST GET https://admin.firebase.com/v1/projects/pooporwater  
  
 Mon May 21 2018 11:35:35 GMT-0700 (PDT)
[debug] [2018-05-21T18:35:36.306Z] <<< HTTP RESPONSE 200
[debug] [2018-05-21T18:35:36.308Z] >>> HTTP REQUEST GET https://admin.firebase.com/v1/database/pooporwater/tokens  
  
 Mon May 21 2018 11:35:36 GMT-0700 (PDT)
[debug] [2018-05-21T18:35:36.796Z] <<< HTTP RESPONSE 200
[info] 
[info] === Deploying to 'pooporwater'...
[info] 
[info] i  deploying database, hosting
[info] i  database: checking rules syntax...
[debug] [2018-05-21T18:35:37.389Z] >>> HTTP REQUEST PUT https://pooporwater.firebaseio.com/.settings/rules.json?dryRun=true  
 {
  "rules": {
    ".read": true,
    ".write": true
  }
}
 
 Mon May 21 2018 11:35:37 GMT-0700 (PDT)
[debug] [2018-05-21T18:35:38.152Z] <<< HTTP RESPONSE 200
[info] ✔  database: rules syntax for database pooporwater is valid
[info] i  hosting: preparing views directory for upload...
[debug] [2018-05-21T18:35:38.409Z] >>> HTTP REQUEST PUT https://deploy.firebase.com/v1/hosting/pooporwater/uploads/-LD2z3IodFM5SCXkRR6Y?fileCount=31&message=  
  
 Mon May 21 2018 11:35:38 GMT-0700 (PDT)
